<?xml version="1.0" encoding="UTF-8"?>
<!-- Generated by org.testng.reporters.JUnitReportReporter -->
<testsuite skipped="0" hostname="DESKTOP-ED3E2O1" name="Amazon_test.Amazon_LoginPage_test" tests="1" failures="0" timestamp="22 Feb 2019 10:47:14 GMT" time="52.821" errors="0">
  <testcase name="log" time="52.821" classname="Amazon_test.Amazon_LoginPage_test"/>
</testsuite> <!-- Amazon_test.Amazon_LoginPage_test -->
