<?xml version="1.0" encoding="UTF-8"?>
<!-- Generated by org.testng.reporters.JUnitReportReporter -->
<testsuite skipped="0" hostname="DESKTOP-ED3E2O1" name="TestsPackage.HomePageTest" tests="1" failures="0" timestamp="18 Jan 2019 05:45:42 GMT" time="31.785" errors="0">
  <testcase name="DealPageTest" time="31.785" classname="TestsPackage.HomePageTest"/>
</testsuite> <!-- TestsPackage.HomePageTest -->
