<?xml version="1.0" encoding="UTF-8"?>
<!-- Generated by org.testng.reporters.JUnitReportReporter -->
<testsuite skipped="0" hostname="DESKTOP-ED3E2O1" name="Amazon_test.Broken_links_amazon" tests="1" failures="0" timestamp="24 Feb 2019 04:38:56 GMT" time="113.360" errors="0">
  <testcase name="amazon_login" time="113.360" classname="Amazon_test.Broken_links_amazon"/>
</testsuite> <!-- Amazon_test.Broken_links_amazon -->
