<?xml version="1.0" encoding="UTF-8"?>
<!-- Generated by org.testng.reporters.JUnitReportReporter -->
<testsuite skipped="0" hostname="DESKTOP-ED3E2O1" name="TestsPackage.ContactPageTest" tests="1" failures="0" timestamp="18 Jan 2019 06:14:59 GMT" time="34.658" errors="0">
  <testcase name="ConpageTest" time="34.658" classname="TestsPackage.ContactPageTest"/>
</testsuite> <!-- TestsPackage.ContactPageTest -->
