<?xml version="1.0" encoding="UTF-8"?>
<!-- Generated by org.testng.reporters.JUnitReportReporter -->
<testsuite skipped="0" hostname="DESKTOP-ED3E2O1" name="toolsqa.Scenarios.Practise.ToolsQa_Senarios" tests="1" failures="0" timestamp="20 Feb 2019 07:20:24 GMT" time="36.550" errors="0">
  <testcase name="handlelinks" time="36.550" classname="toolsqa.Scenarios.Practise.ToolsQa_Senarios"/>
</testsuite> <!-- toolsqa.Scenarios.Practise.ToolsQa_Senarios -->
